<?xml version="1.0" encoding="UTF-8"?>
<!-- Generated by org.testng.reporters.JUnitReportReporter -->
<testsuite skipped="0" hostname="ip-172-31-29-249" name="test.LoanTest" tests="3" failures="0" timestamp="2022-09-03T07:12:56 UTC" time="0.009" errors="0">
  <testcase name="PersonalLoanTest" time="0.002" classname="test.LoanTest"/>
  <system-out/>
  <testcase name="PersonalLoanTest1" time="0.001" classname="test.LoanTest"/>
  <system-out/>
  <testcase name="HomeLoanTest" time="0.006" classname="test.LoanTest"/>
  <system-out/>
</testsuite> <!-- test.LoanTest -->
